0 info it worked if it ends with ok
1 verbose cli [ 'node', '/usr/local/bin/npm', 'install', '-g', 'jekyll' ]
2 info using npm@2.12.1
3 info using node@v0.12.6
4 verbose node symlink /usr/local/bin/node
5 verbose install initial load of /usr/local/lib/package.json
6 verbose readDependencies loading dependencies from /usr/local/lib/package.json
7 silly cache add args [ 'jekyll', null ]
8 verbose cache add spec jekyll
9 silly cache add parsed spec { raw: 'jekyll',
9 silly cache add   scope: null,
9 silly cache add   name: 'jekyll',
9 silly cache add   rawSpec: '',
9 silly cache add   spec: '*',
9 silly cache add   type: 'range' }
10 silly addNamed jekyll@*
11 verbose addNamed "*" is a valid semver range for jekyll
12 silly addNameRange { name: 'jekyll', range: '*', hasData: false }
13 silly mapToRegistry name jekyll
14 silly mapToRegistry using default registry
15 silly mapToRegistry registry https://registry.npmjs.org/
16 silly mapToRegistry uri https://registry.npmjs.org/jekyll
17 verbose addNameRange registry:https://registry.npmjs.org/jekyll not in flight; fetching
18 verbose request uri https://registry.npmjs.org/jekyll
19 verbose request no auth needed
20 info attempt registry request try #1 at 20:59:03
21 verbose request id 77d26dda2989fe25
22 http request GET https://registry.npmjs.org/jekyll
23 http 200 https://registry.npmjs.org/jekyll
24 silly get cb [ 200,
24 silly get   { server: 'CouchDB/1.5.0 (Erlang OTP/R16B03)',
24 silly get     etag: '"7TI8NE43ADTNKKRJPAIORF1O7"',
24 silly get     'content-type': 'application/json',
24 silly get     'cache-control': 'max-age=60',
24 silly get     'content-length': '4415',
24 silly get     'accept-ranges': 'bytes',
24 silly get     date: 'Thu, 09 Jul 2015 18:59:03 GMT',
24 silly get     via: '1.1 varnish',
24 silly get     age: '0',
24 silly get     connection: 'keep-alive',
24 silly get     'x-served-by': 'cache-ams4139-AMS',
24 silly get     'x-cache': 'MISS',
24 silly get     'x-cache-hits': '0',
24 silly get     'x-timer': 'S1436468343.496661,VS0,VE99',
24 silly get     vary: 'Accept' } ]
25 verbose get saving jekyll to /Users/ericdorheit/.npm/registry.npmjs.org/jekyll/.cache.json
26 silly addNameRange number 2 { name: 'jekyll', range: '*', hasData: true }
27 silly addNameRange versions [ 'jekyll', [ '3.0.0-beta1' ] ]
28 verbose stack Error: No compatible version found: jekyll@'*'
28 verbose stack Valid install targets:
28 verbose stack ["3.0.0-beta1"]
28 verbose stack
28 verbose stack     at installTargetsError (/usr/local/lib/node_modules/npm/lib/cache/add-named.js:274:12)
28 verbose stack     at next (/usr/local/lib/node_modules/npm/lib/cache/add-named.js:253:17)
28 verbose stack     at setData (/usr/local/lib/node_modules/npm/lib/cache/add-named.js:230:5)
28 verbose stack     at RES (/usr/local/lib/node_modules/npm/node_modules/inflight/inflight.js:23:14)
28 verbose stack     at f (/usr/local/lib/node_modules/npm/node_modules/once/once.js:17:25)
28 verbose stack     at fixName (/usr/local/lib/node_modules/npm/lib/cache/add-named.js:29:5)
28 verbose stack     at saved (/usr/local/lib/node_modules/npm/lib/cache/caching-client.js:173:7)
28 verbose stack     at FSReqWrap.oncomplete (fs.js:95:15)
29 verbose cwd /Users/ericdorheit/owncloud/Entwicklung/ericdoerheit.de
30 error Darwin 14.4.0
31 error argv "node" "/usr/local/bin/npm" "install" "-g" "jekyll"
32 error node v0.12.6
33 error npm  v2.12.1
34 error code ETARGET
35 error notarget No compatible version found: jekyll@'*'
35 error notarget Valid install targets:
35 error notarget ["3.0.0-beta1"]
35 error notarget
35 error notarget This is most likely not a problem with npm itself.
35 error notarget In most cases you or one of your dependencies are requesting
35 error notarget a package version that doesn't exist.
36 verbose exit [ 1, true ]
